<?xml version="1.0" encoding="UTF-8"?>
<testsuite xmlns:xsi="http://www.w3.org/2001/XMLSchema-instance" xsi:noNamespaceSchemaLocation="https://maven.apache.org/surefire/maven-surefire-plugin/xsd/surefire-test-report-3.0.xsd" version="3.0" name="OrderValidatorTest" time="0.041" tests="16" errors="0" skipped="0" failures="0">
  <properties>
[...]
</properties>
  <testcase name="cvvNotNumInvalid" classname="OrderValidatorTest" time="0.001">
    <system-out><![CDATA[read all actual orders
]]></system-out>
  </testcase>
  <testcase name="cvvInvalid" classname="OrderValidatorTest" time="0.004">
    <system-out><![CDATA[read all actual orders
]]></system-out>
  </testcase>
  <testcase name="cardNotNumInvalid" classname="OrderValidatorTest" time="0.004">
    <system-out><![CDATA[read all actual orders
]]></system-out>
  </testcase>
  <testcase name="cardTooShortInvalid" classname="OrderValidatorTest" time="0.003">
    <system-out><![CDATA[read all actual orders
]]></system-out>
  </testcase>
  <testcase name="testPizzaUndefined" classname="OrderValidatorTest" time="0.005">
    <system-out><![CDATA[read all actual orders
]]></system-out>
  </testcase>
  <testcase name="expiryDateMonthInvalid" classname="OrderValidatorTest" time="0.002">
    <system-out><![CDATA[read all actual orders
]]></system-out>
  </testcase>
  <testcase name="cvvTooShortInvalid" classname="OrderValidatorTest" time="0.002">
    <system-out><![CDATA[read all actual orders
]]></system-out>
  </testcase>
  <testcase name="totalIncorrect" classname="OrderValidatorTest" time="0.002">
    <system-out><![CDATA[read all actual orders
]]></system-out>
  </testcase>
  <testcase name="testUndefined" classname="OrderValidatorTest" time="0.002">
    <system-out><![CDATA[read all actual orders
]]></system-out>
  </testcase>
  <testcase name="testGetValidatedOrders" classname="OrderValidatorTest" time="0.004">
    <system-out><![CDATA[read all actual orders
]]></system-out>
  </testcase>
  <testcase name="testPizzaMultipleRestaurants" classname="OrderValidatorTest" time="0.002">
    <system-out><![CDATA[read all actual orders
]]></system-out>
  </testcase>
  <testcase name="testNoError" classname="OrderValidatorTest" time="0.002">
    <system-out><![CDATA[read all actual orders
]]></system-out>
  </testcase>
  <testcase name="restaurantClosed" classname="OrderValidatorTest" time="0.002">
    <system-out><![CDATA[read all actual orders
]]></system-out>
  </testcase>
  <testcase name="cardTooLongInvalid" classname="OrderValidatorTest" time="0.002">
    <system-out><![CDATA[read all actual orders
]]></system-out>
  </testcase>
  <testcase name="tooManyPizza" classname="OrderValidatorTest" time="0.002">
    <system-out><![CDATA[read all actual orders
]]></system-out>
  </testcase>
  <testcase name="expiryDateInvalid" classname="OrderValidatorTest" time="0.002">
    <system-out><![CDATA[read all actual orders
]]></system-out>
  </testcase>
</testsuite>