<?xml version="1.0" encoding="UTF-8"?>
<testsuite xmlns:xsi="http://www.w3.org/2001/XMLSchema-instance" xsi:noNamespaceSchemaLocation="https://maven.apache.org/surefire/maven-surefire-plugin/xsd/surefire-test-report-3.0.xsd" version="3.0" name="ResultFileHandlerTest" time="33.08" tests="1" errors="0" skipped="0" failures="0">
  <properties>
[...]
</properties>
  <testcase name="testALLFlightPathFile" classname="ResultFileHandlerTest" time="33.078">
    <system-out><![CDATA[read all actual orders
read the central area
read the no fly zones
Finding flightpath for Order No: 7E814B50
...finding a path...
Finding flightpath for Order No: 10F2D265
...finding a path...
Finding flightpath for Order No: 50D76A69
...finding a path...
Finding flightpath for Order No: 011D3821
...finding a path...
Finding flightpath for Order No: 1AC411A5
Finding flightpath for Order No: 20EF9422
Finding flightpath for Order No: 721972A2
Finding flightpath for Order No: 3DF5A55B
Finding flightpath for Order No: 603344AC
Finding flightpath for Order No: 58143EA6
Finding flightpath for Order No: 33728C92
Finding flightpath for Order No: 6BB84C12
Finding flightpath for Order No: 72AB194E
Finding flightpath for Order No: 7E659886
Finding flightpath for Order No: 0ADADC0F
Finding flightpath for Order No: 3B49498B
Finding flightpath for Order No: 7D5B9671
Finding flightpath for Order No: 5E6437DA
Finding flightpath for Order No: 083ADEB0
Finding flightpath for Order No: 5A82F0CD
Finding flightpath for Order No: 3B3373FA
Finding flightpath for Order No: 3D084FC6
Finding flightpath for Order No: 22FF7FEE
Finding flightpath for Order No: 4B7BFACA
Finding flightpath for Order No: 08828002
Finding flightpath for Order No: 2238789D
Finding flightpath for Order No: 47503445
Finding flightpath for Order No: 6205C656
Finding flightpath for Order No: 5ED21275
Finding flightpath for Order No: 324ACA43
Finding flightpath for Order No: 4CFACE94
Finding flightpath for Order No: 25A259FC
Finding flightpath for Order No: 16EDBEBC
Finding flightpath for Order No: 6D8377D8
Finding flightpath for Order No: 4280AF77
Finding flightpath for Order No: 6B135CFC
Finding flightpath for Order No: 767E7BB7
Finding flightpath for Order No: 26286120
Finding flightpath for Order No: 2C2A7B7D
Finding flightpath for Order No: 3E268761
Finding flightpath for Order No: 156B7837
Finding flightpath for Order No: 354D4E47
Finding flightpath for Order No: 40858A78
Finding flightpath for Order No: 0D116C36
Finding flightpath for Order No: 5DF89740
Finding flightpath for Order No: 34E660F3
Finding flightpath for Order No: 64F64270
Finding flightpath for Order No: 3573D953
Finding flightpath for Order No: 5FFF420A
Finding flightpath for Order No: 5E3EDDE3
Finding flightpath for Order No: 16B81847
Finding flightpath for Order No: 16F67F33
Finding flightpath for Order No: 52CDF09A
Finding flightpath for Order No: 2D39AFE4
Finding flightpath for Order No: 29C0C31B
Finding flightpath for Order No: 040269D2
Finding flightpath for Order No: 4D4A1256
Finding flightpath for Order No: 5D236203
GeoJSON file created.
]]></system-out>
  </testcase>
</testsuite>