<?xml version="1.0" encoding="UTF-8"?>
<testsuite xmlns:xsi="http://www.w3.org/2001/XMLSchema-instance" xsi:noNamespaceSchemaLocation="https://maven.apache.org/surefire/maven-surefire-plugin/xsd/surefire-test-report.xsd" name="OrderValidatorTest" time="0.03" tests="15" errors="0" skipped="0" failures="0">
  <properties>
[...]
</properties>
  <testcase name="cvvNotNumInvalid" classname="OrderValidatorTest" time="0"/>
  <testcase name="cvvInvalid" classname="OrderValidatorTest" time="0"/>
  <testcase name="cardNotNumInvalid" classname="OrderValidatorTest" time="0"/>
  <testcase name="cardTooShortInvalid" classname="OrderValidatorTest" time="0"/>
  <testcase name="testPizzaUndefined" classname="OrderValidatorTest" time="0.019"/>
  <testcase name="expiryDateMonthInvalid" classname="OrderValidatorTest" time="0.001"/>
  <testcase name="cvvTooShortInvalid" classname="OrderValidatorTest" time="0"/>
  <testcase name="totalIncorrect" classname="OrderValidatorTest" time="0.001"/>
  <testcase name="testUndefined" classname="OrderValidatorTest" time="0.001"/>
  <testcase name="testPizzaMultipleRestaurants" classname="OrderValidatorTest" time="0"/>
  <testcase name="testNoError" classname="OrderValidatorTest" time="0.001"/>
  <testcase name="restaurantClosed" classname="OrderValidatorTest" time="0.001"/>
  <testcase name="cardTooLongInvalid" classname="OrderValidatorTest" time="0"/>
  <testcase name="tooManyPizza" classname="OrderValidatorTest" time="0.003"/>
  <testcase name="expiryDateInvalid" classname="OrderValidatorTest" time="0.001"/>
</testsuite>