<?xml version="1.0" encoding="UTF-8"?>
<testsuite xmlns:xsi="http://www.w3.org/2001/XMLSchema-instance" xsi:noNamespaceSchemaLocation="https://maven.apache.org/surefire/maven-surefire-plugin/xsd/surefire-test-report-3.0.xsd" version="3.0" name="LngLatHandlerTest" time="0.002" tests="10" errors="0" skipped="0" failures="0">
  <properties>
[...]
</properties>
  <testcase name="testDistanceIsZero" classname="LngLatHandlerTest" time="0.0"/>
  <testcase name="isNotInRegion" classname="LngLatHandlerTest" time="0.0"/>
  <testcase name="isAlmostCloseTo" classname="LngLatHandlerTest" time="0.0"/>
  <testcase name="nextPosition" classname="LngLatHandlerTest" time="0.0"/>
  <testcase name="isCloseTo" classname="LngLatHandlerTest" time="0.0"/>
  <testcase name="testInRegion" classname="LngLatHandlerTest" time="0.0"/>
  <testcase name="isOnRegionLine" classname="LngLatHandlerTest" time="0.0"/>
  <testcase name="isJustCloseTo" classname="LngLatHandlerTest" time="0.0"/>
  <testcase name="testDistanceTo" classname="LngLatHandlerTest" time="0.0"/>
  <testcase name="isNotCloseTo" classname="LngLatHandlerTest" time="0.0"/>
</testsuite>